Button Pressed
[OLED] Ready: Press Button and stand away from camera
Button Pressed
Starting Capture Sequence...
Image Captured. Size: 13619 bytes
[OLED] Uploading...: Please Wait
[OLED] Result: Server Error
Button Pressed
[OLED] Ready: Press Button and stand away from camera
Button Pressed
Starting Capture Sequence...
Image Captured. Size: 16207 bytes
[OLED] Uploading...: Please Wait
[OLED] Result: Server Error
Button Pressed
[OLED] Ready: Press Button and stand away from camera
Button Pressed
Starting Capture Sequence...
Image Captured. Size: 13784 bytes
[OLED] Uploading...: Please Wait
[OLED] Result: Server Error
