[OLED] Connecting...: IRIS_FOUNDATION_JIO 3
[OLED] Connecting...: IRIS_FOUNDATION_JIO 4
[OLED] Connecting...: IRIS_FOUNDATION_JIO 5
[Status] {"period":"P1","present":0,"total":2}
Checking for updates...
[Debug] Settings Response: {"gracePeriod":{"fullPresentMins":60,"halfPresentMins":80},"deviceConfig":{"firmwareVersion":"","firmwareUrl":"","wifiSSID":"IRIS_FOUNDATION_JIO","wifiPassword":"iris916313"},"_id":"695944d34a66e617af193748","__v":0,"createdAt":"2026-01-03T16:33:23.217Z","periods":[{"id":1,"startTime":"20:55","durationMinutes":45,"_id":"698c9fe94ca9015e8e611165"},{"id":2,"startTime":"20:55","durationMinutes":45,"_id":"698c9fe94ca9015e8e611166"}],"updatedAt":"2026-02-11T15:27:37.806Z","weeklyHolidays":[5],"firmware":{"version":"1.0.0","url":""},"wifi":{"ssid":"IRIS_FOUNDATION_JIO","password":"iris916313"}}
[Debug] Current SSID: IRIS_FOUNDATION_JIO
[Debug] New SSID: IRIS_FOUNDATION_JIO
[Debug] WiFi credentials match. No update.
[OLED] Ready....: Press Button by standing away from camera 
Button Pressed
Starting Capture Sequence...
Image Captured. Size: 13785 bytes
[OLED] Uploading...: Please Wait
[OLED] Server Error: Repress button to capture another
Button Pressed
[OLED] Ready: Press Button and stand away from camera
Button Pressed
Starting Capture Sequence...
Image Captured. Size: 14231 bytes
[OLED] Uploading...: Please Wait
[OLED] Server Error: Repress button to capture another
